<?xml version="1.0" encoding="UTF-8"?>
<!-- Generated by org.testng.reporters.JUnitReportReporter -->
<testsuite hostname="Kishan" failures="0" tests="1" name="testNGs.DemoAppSkillRary.TestScript" time="15.763" errors="0" timestamp="2024-10-22T23:18:05 IST" skipped="0">
  <testcase classname="testNGs.DemoAppSkillRary.TestScript" name="SalesLink" time="15.763"/>
  <system-out/>
</testsuite> <!-- testNGs.DemoAppSkillRary.TestScript -->
