<?xml version="1.0" encoding="UTF-8"?>
<!-- Generated by org.testng.reporters.JUnitReportReporter -->
<testsuite hostname="Kishan" failures="0" tests="1" name="testNGslisteners.TestScript" time="0.015" errors="0" timestamp="2024-10-26T13:32:59 IST" skipped="0">
  <testcase classname="testNGslisteners.TestScript" name="login" time="0.015"/>
  <system-out>
    <![CDATA[launch the browser
navigate to url
click on login link
Enter the valid credentials
Verify home page is displayed
Logout
Close the browser
Test Script passed ]]>
  </system-out>
</testsuite> <!-- testNGslisteners.TestScript -->
