<?xml version="1.0" encoding="UTF-8"?>
<!-- Generated by org.testng.reporters.JUnitReportReporter -->
<testsuite hostname="Kishan" failures="0" tests="1" name="ConfigurationAnnotation.BeforeSuiteExample" time="0.011" errors="0" timestamp="2024-10-23T09:56:53 IST" skipped="0">
  <testcase classname="ConfigurationAnnotation.BeforeSuiteExample" name="demo" time="0.011"/>
  <system-out>
    <![CDATA[Test executed]]>
  </system-out>
</testsuite> <!-- ConfigurationAnnotation.BeforeSuiteExample -->
