<?xml version="1.0" encoding="UTF-8"?>
<!-- Generated by org.testng.reporters.JUnitReportReporter -->
<testsuite hostname="Kishan" failures="0" tests="3" name="testNGs.DemoWebShop.TestScript" time="24.877" errors="0" timestamp="2024-10-25T13:53:38 IST" skipped="0">
  <testcase classname="testNGs.DemoWebShop.TestScript" name="clickOnBooks" time="9.236"/>
  <system-out>
    <![CDATA[Books page displayed]]>
  </system-out>
  <testcase classname="testNGs.DemoWebShop.TestScript" name="clickOnBooks" time="7.978"/>
  <system-out>
    <![CDATA[Books page displayed]]>
  </system-out>
  <testcase classname="testNGs.DemoWebShop.TestScript" name="clickOnBooks" time="7.663"/>
  <system-out>
    <![CDATA[Books page displayed]]>
  </system-out>
</testsuite> <!-- testNGs.DemoWebShop.TestScript -->
