<?xml version="1.0" encoding="UTF-8"?>
<!-- Generated by org.testng.reporters.JUnitReportReporter -->
<testsuite hostname="Kishan" failures="0" tests="2" name="TestNG.Demo" time="0.007" errors="0" timestamp="2024-09-30T21:50:38 IST" skipped="0">
  <testcase classname="TestNG.Demo" name="test1" time="0.006"/>
  <system-out>
    <![CDATA[@Test]]>
  </system-out>
  <testcase classname="TestNG.Demo" name="test2" time="0.001"/>
  <system-out>
    <![CDATA[@test2]]>
  </system-out>
</testsuite> <!-- TestNG.Demo -->
