<?xml version="1.0" encoding="UTF-8"?>
<!-- Generated by org.testng.reporters.JUnitReportReporter -->
<testsuite hostname="Kishan" failures="0" tests="1" name="testNGs.ToLearn" time="0.026" errors="0" timestamp="2024-10-16T13:50:32 IST" skipped="0">
  <testcase classname="testNGs.ToLearn" name="demo" time="0.026"/>
  <system-out>
    <![CDATA[Welcome to testNG]]>
  </system-out>
</testsuite> <!-- testNGs.ToLearn -->
