<?xml version="1.0" encoding="UTF-8"?>
<!-- Generated by org.testng.reporters.JUnitReportReporter -->
<testsuite hostname="Kishan" failures="0" tests="6" name="testNGs.assignments.Assignment1" time="0.018" errors="0" timestamp="2024-10-18T01:03:36 IST" skipped="0">
  <testcase classname="testNGs.assignments.Assignment1" name="createAccount" time="0.011"/>
  <system-out>
    <![CDATA[Account has been created.]]>
  </system-out>
  <testcase classname="testNGs.assignments.Assignment1" name="createAccount" time="0.002"/>
  <system-out>
    <![CDATA[Account has been created.]]>
  </system-out>
  <testcase classname="testNGs.assignments.Assignment1" name="editAccount" time="0.002"/>
  <system-out>
    <![CDATA[details have beed updated.]]>
  </system-out>
  <testcase classname="testNGs.assignments.Assignment1" name="editAccount" time="0.001"/>
  <system-out>
    <![CDATA[details have beed updated.]]>
  </system-out>
  <testcase classname="testNGs.assignments.Assignment1" name="editAccount" time="0.001"/>
  <system-out>
    <![CDATA[details have beed updated.]]>
  </system-out>
  <testcase classname="testNGs.assignments.Assignment1" name="deleteAccount" time="0.001"/>
  <system-out>
    <![CDATA[Account deleted]]>
  </system-out>
</testsuite> <!-- testNGs.assignments.Assignment1 -->
