<?xml version="1.0" encoding="UTF-8"?>
<!-- Generated by org.testng.reporters.JUnitReportReporter -->
<testsuite hostname="Kishan" failures="0" tests="3" name="testNGslisteners.Assignments.DemoWebShop.TestScript1" time="16.613" errors="0" timestamp="2024-10-29T13:41:09 IST" skipped="0">
  <testcase classname="testNGslisteners.Assignments.DemoWebShop.TestScript1" name="clickOnBooks" time="5.319"/>
  <system-out>
    <![CDATA[Books page displayed]]>
  </system-out>
  <testcase classname="testNGslisteners.Assignments.DemoWebShop.TestScript1" name="clickOnBooks" time="5.228"/>
  <system-out>
    <![CDATA[Books page displayed]]>
  </system-out>
  <testcase classname="testNGslisteners.Assignments.DemoWebShop.TestScript1" name="clickOnBooks" time="6.066"/>
  <system-out>
    <![CDATA[Books page displayed]]>
  </system-out>
</testsuite> <!-- testNGslisteners.Assignments.DemoWebShop.TestScript1 -->
