<?xml version="1.0" encoding="UTF-8"?>
<!-- Generated by org.testng.reporters.JUnitReportReporter -->
<testsuite hostname="Kishan" failures="0" tests="3" name="testNGslisteners.Assignments.DemoWebShop.TestScript3" time="16.354" errors="0" timestamp="2024-10-29T13:41:09 IST" skipped="0">
  <testcase classname="testNGslisteners.Assignments.DemoWebShop.TestScript3" name="clickOnElectronicsLink" time="5.702"/>
  <system-out>
    <![CDATA[Electronics page displayed]]>
  </system-out>
  <testcase classname="testNGslisteners.Assignments.DemoWebShop.TestScript3" name="clickOnElectronicsLink" time="4.591"/>
  <system-out>
    <![CDATA[Electronics page displayed]]>
  </system-out>
  <testcase classname="testNGslisteners.Assignments.DemoWebShop.TestScript3" name="clickOnElectronicsLink" time="6.061"/>
  <system-out>
    <![CDATA[Electronics page displayed]]>
  </system-out>
</testsuite> <!-- testNGslisteners.Assignments.DemoWebShop.TestScript3 -->
