<?xml version="1.0" encoding="UTF-8"?>
<!-- Generated by org.testng.reporters.JUnitReportReporter -->
<testsuite hostname="Kishan" failures="0" tests="1" name="testNGs.cars.TataMotors" time="5.235" errors="0" timestamp="2024-10-18T23:50:38 IST" skipped="0">
  <testcase classname="testNGs.cars.TataMotors" name="lauch" time="5.235"/>
  <system-out>
    <![CDATA[TATA MOTORS launched]]>
  </system-out>
</testsuite> <!-- testNGs.cars.TataMotors -->
