<?xml version="1.0" encoding="UTF-8"?>
<!-- Generated by org.testng.reporters.JUnitReportReporter -->
<testsuite hostname="Kishan" failures="0" tests="1" name="testNGs.cars.Buggati" time="3.469" errors="0" timestamp="2024-10-18T23:49:47 IST" skipped="0">
  <testcase classname="testNGs.cars.Buggati" name="lauch" time="3.469"/>
  <system-out>
    <![CDATA[bugatti launched]]>
  </system-out>
</testsuite> <!-- testNGs.cars.Buggati -->
