<?xml version="1.0" encoding="UTF-8"?>
<!-- Generated by org.testng.reporters.JUnitReportReporter -->
<testsuite hostname="Kishan" failures="0" tests="3" name="testNGs.DemoAppSkillRaryCrossBrowser.TestScript" time="43.159" errors="0" timestamp="2024-10-28T01:59:45 IST" skipped="0">
  <testcase classname="testNGs.DemoAppSkillRaryCrossBrowser.TestScript" name="SalesLink" time="14.325"/>
  <system-out/>
  <testcase classname="testNGs.DemoAppSkillRaryCrossBrowser.TestScript" name="SalesLink" time="15.008"/>
  <system-out/>
  <testcase classname="testNGs.DemoAppSkillRaryCrossBrowser.TestScript" name="SalesLink" time="13.826"/>
  <system-out/>
</testsuite> <!-- testNGs.DemoAppSkillRaryCrossBrowser.TestScript -->
