<?xml version="1.0" encoding="UTF-8"?>
<!-- Generated by org.testng.reporters.JUnitReportReporter -->
<testsuite hostname="Kishan" failures="0" tests="4" name="testNGs.AnnotationAttributes" time="24.294" errors="0" timestamp="2024-10-17T13:56:45 IST" skipped="1">
  <testcase classname="testNGs.AnnotationAttributes" name="registerLink" time="8.175"/>
  <system-out>
    <![CDATA[register is successful]]>
  </system-out>
  <testcase classname="testNGs.AnnotationAttributes" name="registerLink" time="8.131"/>
  <system-out>
    <![CDATA[register is successful]]>
  </system-out>
  <testcase classname="testNGs.AnnotationAttributes" name="registerLink" time="7.988"/>
  <system-out>
    <![CDATA[register is successful]]>
  </system-out>
  <testcase classname="testNGs.AnnotationAttributes" name="login">
    <skipped/>
  </testcase> <!-- login -->
  <system-out/>
</testsuite> <!-- testNGs.AnnotationAttributes -->
