<?xml version="1.0" encoding="UTF-8"?>
<!-- Generated by org.testng.reporters.JUnitReportReporter -->
<testsuite hostname="Kishan" failures="0" tests="1" name="testNGs.Assertion.HardAssert" time="10.106" errors="0" timestamp="2024-10-23T13:10:31 IST" skipped="0">
  <testcase classname="testNGs.Assertion.HardAssert" name="demo" time="10.106"/>
  <system-out>
    <![CDATA[Welcome page displayed
Login page displayed
Home page displayed]]>
  </system-out>
</testsuite> <!-- testNGs.Assertion.HardAssert -->
