<?xml version="1.0" encoding="UTF-8"?>
<!-- Generated by org.testng.reporters.JUnitReportReporter -->
<testsuite hostname="Kishan" failures="0" tests="1" name="testNGs.CrossBrowser.ToLearnCrossBrowser" time="3.985" errors="0" timestamp="2024-10-25T13:43:43 IST" skipped="0">
  <testcase classname="testNGs.CrossBrowser.ToLearnCrossBrowser" name="launchBrowser" time="3.985"/>
  <system-out/>
</testsuite> <!-- testNGs.CrossBrowser.ToLearnCrossBrowser -->
