<?xml version="1.0" encoding="UTF-8"?>
<!-- Generated by org.testng.reporters.JUnitReportReporter -->
<testsuite hostname="Kishan" failures="0" tests="4" name="TestNG.Myntra.TestScript" time="19.439" errors="0" timestamp="2024-09-30T22:58:45 IST" skipped="0">
  <testcase classname="TestNG.Myntra.TestScript" name="hoverOnMens" time="7.031"/>
  <system-out/>
  <testcase classname="TestNG.Myntra.TestScript" name="hoverOnKids" time="6.028"/>
  <system-out/>
  <testcase classname="TestNG.Myntra.TestScript" name="hoverOnKids" time="3.276"/>
  <system-out/>
  <testcase classname="TestNG.Myntra.TestScript" name="hoverOnKids" time="3.104"/>
  <system-out/>
</testsuite> <!-- TestNG.Myntra.TestScript -->
