<?xml version="1.0" encoding="UTF-8"?>
<!-- Generated by org.testng.reporters.JUnitReportReporter -->
<testsuite hostname="Kishan" failures="0" tests="1" name="testNGs.TestCase.TestScript2" time="7.870" errors="0" timestamp="2024-10-23T21:53:27 IST" skipped="0">
  <testcase classname="testNGs.TestCase.TestScript2" name="check" time="7.870"/>
  <system-out>
    <![CDATA[logged in as username visble]]>
  </system-out>
</testsuite> <!-- testNGs.TestCase.TestScript2 -->
