<?xml version="1.0" encoding="UTF-8"?>
<!-- Generated by org.testng.reporters.JUnitReportReporter -->
<testsuite hostname="Kishan" failures="0" tests="3" name="testNGs.Sample" time="0.022" errors="0" timestamp="2024-10-17T12:54:37 IST" skipped="0">
  <testcase classname="testNGs.Sample" name="sample" time="0.002"/>
  <system-out>
    <![CDATA[Sample testcase executed]]>
  </system-out>
  <testcase classname="testNGs.Sample" name="add" time="0.019"/>
  <system-out>
    <![CDATA[add testcase executed]]>
  </system-out>
  <testcase classname="testNGs.Sample" name="demo" time="0.001"/>
  <system-out>
    <![CDATA[demo testcase executed]]>
  </system-out>
</testsuite> <!-- testNGs.Sample -->
