<?xml version="1.0" encoding="UTF-8"?>
<!-- Generated by org.testng.reporters.JUnitReportReporter -->
<testsuite hostname="Kishan" failures="0" tests="2" name="TestNG.TestNG3009.TestScript" time="7.673" errors="0" timestamp="2024-09-30T22:35:07 IST" skipped="0">
  <testcase classname="TestNG.TestNG3009.TestScript" name="clickOnBooks" time="4.469"/>
  <system-out>
    <![CDATA[Books page is displayed]]>
  </system-out>
  <testcase classname="TestNG.TestNG3009.TestScript" name="clickOnElectronics" time="3.204"/>
  <system-out>
    <![CDATA[Electronics page displayed]]>
  </system-out>
</testsuite> <!-- TestNG.TestNG3009.TestScript -->
