<?xml version="1.0" encoding="UTF-8"?>
<!-- Generated by org.testng.reporters.JUnitReportReporter -->
<testsuite hostname="Kishan" failures="0" tests="1" name="testNGs.cars.Ferrari" time="5.327" errors="0" timestamp="2024-10-18T23:49:47 IST" skipped="0">
  <testcase classname="testNGs.cars.Ferrari" name="lauch" time="5.327"/>
  <system-out>
    <![CDATA[Ferrari launched]]>
  </system-out>
</testsuite> <!-- testNGs.cars.Ferrari -->
