<?xml version="1.0" encoding="UTF-8"?>
<!-- Generated by org.testng.reporters.JUnitReportReporter -->
<testsuite hostname="Kishan" failures="0" tests="1" name="bikes.Jawa" time="29.937" errors="0" timestamp="2024-10-18T21:14:34 IST" skipped="0">
  <testcase classname="bikes.Jawa" name="launch" time="29.937"/>
  <system-out>
    <![CDATA[Jawa bike webpage launched...]]>
  </system-out>
</testsuite> <!-- bikes.Jawa -->
