<?xml version="1.0" encoding="UTF-8"?>
<!-- Generated by org.testng.reporters.JUnitReportReporter -->
<testsuite hostname="Kishan" failures="0" tests="1" name="bikes.Yamaha" time="1.768" errors="0" timestamp="2024-10-18T21:22:15 IST" skipped="0">
  <testcase classname="bikes.Yamaha" name="launch" time="1.768"/>
  <system-out>
    <![CDATA[Yamaha bike webpage launched...]]>
  </system-out>
</testsuite> <!-- bikes.Yamaha -->
