<?xml version="1.0" encoding="UTF-8"?>
<!-- Generated by org.testng.reporters.JUnitReportReporter -->
<testsuite hostname="Kishan" failures="0" tests="1" name="testNGs.cars.Audi" time="4.862" errors="0" timestamp="2024-10-18T23:49:47 IST" skipped="0">
  <testcase classname="testNGs.cars.Audi" name="lauch" time="4.862"/>
  <system-out>
    <![CDATA[Audi launched]]>
  </system-out>
</testsuite> <!-- testNGs.cars.Audi -->
