<?xml version="1.0" encoding="UTF-8"?>
<!-- Generated by org.testng.reporters.JUnitReportReporter -->
<testsuite hostname="Kishan" failures="0" tests="1" name="testNGs.cars.RollsRoyce" time="5.037" errors="0" timestamp="2024-10-18T23:50:38 IST" skipped="0">
  <testcase classname="testNGs.cars.RollsRoyce" name="lauch" time="5.037"/>
  <system-out>
    <![CDATA[roll Royce launched]]>
  </system-out>
</testsuite> <!-- testNGs.cars.RollsRoyce -->
