<?xml version="1.0" encoding="UTF-8"?>
<!-- Generated by org.testng.reporters.JUnitReportReporter -->
<testsuite hostname="Kishan" failures="0" tests="1" name="bikes.Honda" time="5.846" errors="0" timestamp="2024-10-18T21:22:15 IST" skipped="0">
  <testcase classname="bikes.Honda" name="launch" time="5.846"/>
  <system-out>
    <![CDATA[Honda bike webpage launched...]]>
  </system-out>
</testsuite> <!-- bikes.Honda -->
